# JRE version: Java(TM) SE Runtime Environment (8.0_131-b11) (build 1.8.0_131-b11)
# Java VM: Java HotSpot(TM) 64-Bit Server VM (25.131-b11 mixed mode windows-amd64 compressed oops)
Heap:
 PSYoungGen      total 223232K, used 51604K [0x00000000d6000000, 0x00000000e4d00000, 0x0000000100000000)
  eden space 209920K, 18% used [0x00000000d6000000,0x00000000d85659b8,0x00000000e2d00000)
  from space 13312K, 99% used [0x00000000e3c80000,0x00000000e497f890,0x00000000e4980000)
  to   space 15872K, 0% used [0x00000000e2d00000,0x00000000e2d00000,0x00000000e3c80000)
 ParOldGen       total 66560K, used 16747K [0x0000000082000000, 0x0000000086100000, 0x00000000d6000000)
  object space 66560K, 25% used [0x0000000082000000,0x000000008305ad58,0x0000000086100000)
 Metaspace       used 32274K, capacity 32638K, committed 33024K, reserved 1077248K
  class space    used 4118K, capacity 4228K, committed 4352K, reserved 1048576K
GC Heap History (10 events):
Event: 3.111 GC heap before
{Heap before GC invocations=5 (full 0):
 PSYoungGen      total 70656K, used 70631K [0x00000000d6000000, 0x00000000daa00000, 0x0000000100000000)
  eden space 65536K, 100% used [0x00000000d6000000,0x00000000da000000,0x00000000da000000)
  from space 5120K, 99% used [0x00000000da500000,0x00000000da9f9ce8,0x00000000daa00000)
  to   space 5120K, 0% used [0x00000000da000000,0x00000000da000000,0x00000000da500000)
 ParOldGen       total 86016K, used 10968K [0x0000000082000000, 0x0000000087400000, 0x00000000d6000000)
  object space 86016K, 12% used [0x0000000082000000,0x0000000082ab60a0,0x0000000087400000)
 Metaspace       used 19908K, capacity 20210K, committed 20352K, reserved 1067008K
  class space    used 2508K, capacity 2610K, committed 2688K, reserved 1048576K
Event: 3.124 GC heap after
Heap after GC invocations=5 (full 0):
 PSYoungGen      total 70656K, used 5113K [0x00000000d6000000, 0x00000000dfa00000, 0x0000000100000000)
  eden space 65536K, 0% used [0x00000000d6000000,0x00000000d6000000,0x00000000da000000)
  from space 5120K, 99% used [0x00000000da000000,0x00000000da4fe5d8,0x00000000da500000)
  to   space 13312K, 0% used [0x00000000ded00000,0x00000000ded00000,0x00000000dfa00000)
 ParOldGen       total 86016K, used 17331K [0x0000000082000000, 0x0000000087400000, 0x00000000d6000000)
  object space 86016K, 20% used [0x0000000082000000,0x00000000830ecfc8,0x0000000087400000)
 Metaspace       used 19908K, capacity 20210K, committed 20352K, reserved 1067008K
  class space    used 2508K, capacity 2610K, committed 2688K, reserved 1048576K
}
Event: 3.392 GC heap before
{Heap before GC invocations=6 (full 0):
 PSYoungGen      total 70656K, used 36610K [0x00000000d6000000, 0x00000000dfa00000, 0x0000000100000000)
  eden space 65536K, 48% used [0x00000000d6000000,0x00000000d7ec2588,0x00000000da000000)
  from space 5120K, 99% used [0x00000000da000000,0x00000000da4fe5d8,0x00000000da500000)
  to   space 13312K, 0% used [0x00000000ded00000,0x00000000ded00000,0x00000000dfa00000)
 ParOldGen       total 86016K, used 17331K [0x0000000082000000, 0x0000000087400000, 0x00000000d6000000)
  object space 86016K, 20% used [0x0000000082000000,0x00000000830ecfc8,0x0000000087400000)
 Metaspace       used 20852K, capacity 21112K, committed 21248K, reserved 1067008K
  class space    used 2648K, capacity 2739K, committed 2816K, reserved 1048576K
Event: 3.403 GC heap after
Heap after GC invocations=6 (full 0):
 PSYoungGen      total 143360K, used 8468K [0x00000000d6000000, 0x00000000df900000, 0x0000000100000000)
  eden space 131072K, 0% used [0x00000000d6000000,0x00000000d6000000,0x00000000de000000)
  from space 12288K, 68% used [0x00000000ded00000,0x00000000df5452d0,0x00000000df900000)
  to   space 12800K, 0% used [0x00000000de000000,0x00000000de000000,0x00000000dec80000)
 ParOldGen       total 86016K, used 17339K [0x0000000082000000, 0x0000000087400000, 0x00000000d6000000)
  object space 86016K, 20% used [0x0000000082000000,0x00000000830eefc8,0x0000000087400000)
 Metaspace       used 20852K, capacity 21112K, committed 21248K, reserved 1067008K
  class space    used 2648K, capacity 2739K, committed 2816K, reserved 1048576K
}
Event: 3.403 GC heap before
{Heap before GC invocations=7 (full 1):
 PSYoungGen      total 143360K, used 8468K [0x00000000d6000000, 0x00000000df900000, 0x0000000100000000)
  eden space 131072K, 0% used [0x00000000d6000000,0x00000000d6000000,0x00000000de000000)
  from space 12288K, 68% used [0x00000000ded00000,0x00000000df5452d0,0x00000000df900000)
  to   space 12800K, 0% used [0x00000000de000000,0x00000000de000000,0x00000000dec80000)
 ParOldGen       total 86016K, used 17339K [0x0000000082000000, 0x0000000087400000, 0x00000000d6000000)
  object space 86016K, 20% used [0x0000000082000000,0x00000000830eefc8,0x0000000087400000)
 Metaspace       used 20852K, capacity 21112K, committed 21248K, reserved 1067008K
  class space    used 2648K, capacity 2739K, committed 2816K, reserved 1048576K
Event: 3.458 GC heap after
Heap after GC invocations=7 (full 1):
 PSYoungGen      total 143360K, used 0K [0x00000000d6000000, 0x00000000df900000, 0x0000000100000000)
  eden space 131072K, 0% used [0x00000000d6000000,0x00000000d6000000,0x00000000de000000)
  from space 12288K, 0% used [0x00000000ded00000,0x00000000ded00000,0x00000000df900000)
  to   space 12800K, 0% used [0x00000000de000000,0x00000000de000000,0x00000000dec80000)
 ParOldGen       total 66560K, used 14163K [0x0000000082000000, 0x0000000086100000, 0x00000000d6000000)
  object space 66560K, 21% used [0x0000000082000000,0x0000000082dd4e78,0x0000000086100000)
 Metaspace       used 20852K, capacity 21112K, committed 21248K, reserved 1067008K
  class space    used 2648K, capacity 2739K, committed 2816K, reserved 1048576K
}
Event: 4.987 GC heap before
{Heap before GC invocations=8 (full 1):
 PSYoungGen      total 143360K, used 131072K [0x00000000d6000000, 0x00000000df900000, 0x0000000100000000)
  eden space 131072K, 100% used [0x00000000d6000000,0x00000000de000000,0x00000000de000000)
  from space 12288K, 0% used [0x00000000ded00000,0x00000000ded00000,0x00000000df900000)
  to   space 12800K, 0% used [0x00000000de000000,0x00000000de000000,0x00000000dec80000)
 ParOldGen       total 66560K, used 14163K [0x0000000082000000, 0x0000000086100000, 0x00000000d6000000)
  object space 66560K, 21% used [0x0000000082000000,0x0000000082dd4e78,0x0000000086100000)
 Metaspace       used 26955K, capacity 27232K, committed 27392K, reserved 1073152K
  class space    used 3455K, capacity 3551K, committed 3584K, reserved 1048576K
Event: 5.008 GC heap after
Heap after GC invocations=8 (full 1):
 PSYoungGen      total 143872K, used 11085K [0x00000000d6000000, 0x00000000e4980000, 0x0000000100000000)
  eden space 131072K, 0% used [0x00000000d6000000,0x00000000d6000000,0x00000000de000000)
  from space 12800K, 86% used [0x00000000de000000,0x00000000dead3480,0x00000000dec80000)
  to   space 13312K, 0% used [0x00000000e3c80000,0x00000000e3c80000,0x00000000e4980000)
 ParOldGen       total 66560K, used 14171K [0x0000000082000000, 0x0000000086100000, 0x00000000d6000000)
  object space 66560K, 21% used [0x0000000082000000,0x0000000082dd6e78,0x0000000086100000)
 Metaspace       used 26955K, capacity 27232K, committed 27392K, reserved 1073152K
  class space    used 3455K, capacity 3551K, committed 3584K, reserved 1048576K
}
Event: 6.343 GC heap before
{Heap before GC invocations=9 (full 1):
 PSYoungGen      total 143872K, used 142157K [0x00000000d6000000, 0x00000000e4980000, 0x0000000100000000)
  eden space 131072K, 100% used [0x00000000d6000000,0x00000000de000000,0x00000000de000000)
  from space 12800K, 86% used [0x00000000de000000,0x00000000dead3480,0x00000000dec80000)
  to   space 13312K, 0% used [0x00000000e3c80000,0x00000000e3c80000,0x00000000e4980000)
 ParOldGen       total 66560K, used 14171K [0x0000000082000000, 0x0000000086100000, 0x00000000d6000000)
  object space 66560K, 21% used [0x0000000082000000,0x0000000082dd6e78,0x0000000086100000)
 Metaspace       used 30692K, capacity 31100K, committed 31488K, reserved 1077248K
  class space    used 3908K, capacity 4035K, committed 4096K, reserved 1048576K
Event: 6.371 GC heap after
Heap after GC invocations=9 (full 1):
 PSYoungGen      total 223232K, used 13310K [0x00000000d6000000, 0x00000000e4d00000, 0x0000000100000000)
  eden space 209920K, 0% used [0x00000000d6000000,0x00000000d6000000,0x00000000e2d00000)
  from space 13312K, 99% used [0x00000000e3c80000,0x00000000e497f890,0x00000000e4980000)
  to   space 15872K, 0% used [0x00000000e2d00000,0x00000000e2d00000,0x00000000e3c80000)
 ParOldGen       total 66560K, used 16747K [0x0000000082000000, 0x0000000086100000, 0x00000000d6000000)
  object space 66560K, 25% used [0x0000000082000000,0x000000008305ad58,0x0000000086100000)
 Metaspace       used 30692K, capacity 31100K, committed 31488K, reserved 1077248K
  class space    used 3908K, capacity 4035K, committed 4096K, reserved 1048576K
}

